0.0612373	53600.0612373	0	5360
0.128251	5360	5896
0.134544	5896	6432
0.140837	6432	6968
0.147131	6968	7504
0.153424	7504	8040
0.19512	8040	8576
0.201413	8576	9112
0.207707	9112	9648
0.214	9648	10184
0.220293	10184	10720
0.226587	10720	11256
0.23288	11256	11792
0.261989	11792	12328
0.268283	12328	12864
0.274576	12864	13400
0.280869	13400	13936
0.287163	13936	14472
0.293456	14472	15008
0.299749	15008	15544
0.306043	15544	16080
0.312336	16080	16616
0.318629	16616	17152
0.324923	17152	17688
0.332005	17688	18224
0.338299	18224	18760
0.344592	18760	19296
0.350885	19296	19832
0.357179	19832	20368
0.363472	20368	20904
0.369765	20904	21440
0.376059	21440	21976
0.382352	21976	22512
0.388645	22512	23048
0.401317	23048	22512
0.404464	22512	21976
0.407611	21976	21637
0.413989	21637	21345
0.417136	21345	21053
0.420283	21053	20226
0.423429	20226	19934
0.426576	19934	19642
0.429723	19642	19350
0.432869	19350	19058
0.436016	19058	18766
0.439163	18766	18475
0.442309	18475	18183
0.445456	18183	17891
0.448603	17891	17599
0.451749	17599	17307
0.454896	17307	17016
0.458043	17016	16724
0.461189	16724	16432
0.464336	16432	16140
0.467483	16140	15848
0.470629	15848	15556
0.473776	15556	15265
0.476923	15265	14973
0.480069	14973	14681
0.483216	14681	14389
0.486363	14389	14097
0.489509	14097	13805
0.492656	13805	13514
0.495803	13514	13222
0.498949	13222	12930
0.502096	12930	12638
0.505243	12638	12346
0.508389	12346	12055
0.511536	12055	11763
0.514683	11763	10988
0.517829	10988	10720
0.533477	10720	10988
0.536624	10988	10720
0.539685	10720	10988
0.539685	10988	11014
0.545979	11014	11040
0.552272	11040	11066
0.558565	11066	11091
0.564859	11091	11116
0.571152	11116	11141
0.577445	11141	11166
0.587845	11166	11191
0.594139	11191	11216
0.600432	11216	11241
0.606725	11241	11266
0.615995	11266	11291
0.622288	11291	11316
0.628581	11316	11341
0.634875	11341	11366
0.641168	11366	11391
0.647461	11391	11416
0.657861	11416	11441
0.664155	11441	11466
0.670448	11466	11491
0.676741	11491	11516
0.683035	11516	11540
0.689328	11540	11564
0.695621	11564	11588
0.701915	11588	11612
0.708208	11612	11636
0.714501	11636	11660
0.724731	11660	11684
0.731024	11684	11708
0.743696	11708	10720
0.746843	10720	10184
0.749989	10184	9777
0.753136	9777	9462
0.756283	9462	9147
0.759429	9147	8833
0.762576	8833	8518
0.765723	8518	8204
0.768869	8204	7889
0.772016	7889	7574
0.775163	7574	7260
0.778309	7260	6945
0.781456	6945	6631
0.784603	6631	6316
0.791685	6316	6001
0.794832	6001	5687
0.797979	5687	5092
0.801125	5092	4824
0.810565	4824	5092
0.810565	5092	5148
0.832592	5148	5203
0.848325	5203	5258
0.867995	5258	5312
0.874373	5312	5366
0.899461	5366	5419
0.915195	5419	5472
0.934864	5472	5524
0.941243	5524	5576
0.947536	5576	5627
0.969477	5627	5678
0.985211	5678	5728
1.00488	5728	5778
1.01126	5778	5827
1.01755	5827	5876
1.03949	5876	5924
1.05523	5924	5972
1.0749	5972	6020
1.08127	6020	6067
1.08757	6067	6114
1.10951	6114	6160
1.1221	6160	6206
1.14177	6206	6252
1.14814	6252	6297
1.15444	6297	6342
1.17638	6342	6387
1.18897	6387	6431
1.20863	6431	6475
1.21501	6475	6519
1.22131	6519	6563
1.24325	6563	6606
1.25583	6606	6649
1.2755	6649	6692
1.2818	6692	6734
1.28809	6734	6776
1.29438	6776	6818
1.31326	6818	6860
1.34875	6860	5896
1.3519	5896	5360
1.35505	5360	4863
1.35819	4863	4518
1.36134	4518	4174
1.36449	4174	3829
1.38022	3829	3484
1.38337	3484	2680
1.41877	2680	2787
1.47628	2787	2890
1.48258	2890	2989
1.54315	2989	3085
1.54945	3085	3178
1.61002	3178	3268
1.61631	3268	3355
1.67689	3355	3440
1.68318	3440	3523
1.68948	3523	3604
1.74691	3604	3683
1.7532	3683	3761
1.75949	3761	3837
1.81692	3837	3911
1.82322	3911	3984
1.82951	3984	4056
1.88379	4056	4126
1.89009	4126	4195
1.89638	4195	4263
1.95066	4263	4330
1.95695	4330	4396
1.96325	4396	4461
2.01753	4461	4525
2.02382	4525	4588
2.03012	4588	4650
2.03641	4650	4711
2.08755	4711	4771
2.09384	4771	4831
2.10013	4831	4890
2.10643	4890	4948
2.16394	4948	4288
2.16709	4288	3752
2.17023	3752	3216
2.17338	3216	2827
2.17653	2827	2461
2.17967	2461	1876
2.2246	1876	1608
2.23081	1608	1876
2.23081	1876	2029
2.29462	2029	2170
2.36149	2170	2302
2.36778	2302	2426
2.4315	2426	2544
2.4378	2544	2656
2.50152	2656	2764
2.50781	2764	2867
2.57154	2867	2967
2.57783	2967	3063
2.63841	3063	3156
2.6447	3156	3247
2.70527	3247	3335
2.71157	3335	3421
2.71786	3421	3504
2.77529	3504	3585
2.78158	3585	3665
2.78788	3665	3743
2.84531	3743	3819
2.8516	3819	3894
2.85789	3894	3967
2.91532	3967	4039
2.92162	4039	4110
2.92791	4110	4179
2.98219	4179	4247
2.98849	4247	4314
2.99478	4314	4380
3.04906	4380	4445
3.05535	4445	4509
3.06165	4509	4572
3.06794	4572	4634
3.11908	4634	4695
3.12537	4695	4756
3.13166	4756	4816
3.13796	4816	4875
3.18909	4875	4933
3.20177	4933	4288
3.20491	4288	3752
3.20806	3752	3216
3.21121	3216	2827
3.25605	2827	2461
3.25919	2461	1876
3.26243	1876	1608
3.26863	1608	1876
3.26863	1876	2029
3.33244	2029	2170
3.39931	2170	2302
3.40561	2302	2426
3.46933	2426	2544
3.47562	2544	2656
3.53934	2656	2764
3.54564	2764	2867
3.60936	2867	2967
3.61565	2967	3063
3.67623	3063	3156
3.68252	3156	3247
3.7431	3247	3335
3.74939	3335	3421
3.75569	3421	3504
3.81311	3504	3585
3.81941	3585	3665
3.8257	3665	3743
3.88313	3743	3819
3.88942	3819	3894
3.89572	3894	3967
3.95315	3967	4039
3.95944	4039	4110
3.96573	4110	4179
4.02002	4179	4247
4.02631	4247	4314
4.0326	4314	4380
4.08689	4380	4445
4.09318	4445	4509
4.09947	4509	4572
4.10577	4572	4634
4.1569	4634	4695
4.16319	4695	4756
4.16949	4756	4816
4.17578	4816	4875
4.22692	4875	4933
4.23321	4933	4991
4.2395	4991	5048
4.2458	5048	5104
4.29379	5104	5160
4.30008	5160	5215
4.30637	5215	5270
4.31267	5270	5324
4.36066	5324	5377
4.36695	5377	5430
4.37324	5430	5482
4.37954	5482	5534
4.42753	5534	5585
4.43382	5585	5636
4.44011	5636	5686
4.44641	5686	5736
4.4527	5736	5786
4.49754	5786	5835
4.50383	5835	5884
4.51013	5884	5932
4.51642	5932	5980
4.52271	5980	6028
4.56756	6028	6075
4.57385	6075	6122
4.58014	6122	6168
4.58644	6168	6214
4.59273	6214	6260
4.63443	6260	6305
4.64072	6305	6350
4.64701	6350	6395
4.65331	6395	6439
4.6596	6439	6483
4.7013	6483	6527
4.70759	6527	6571
4.71388	6571	6614
4.72018	6614	6657
4.72647	6657	6700
4.73276	6700	6742
4.77131	6742	6784
4.77761	6784	6826
4.7839	6826	6868
4.79019	6868	6909
4.79649	6909	6950
4.80278	6950	6991
4.84133	6991	7032
4.84762	7032	7072
4.85391	7072	7112
4.86021	7112	7152
4.8665	7152	7192
4.87279	7192	7231
4.9082	7231	7270
4.91449	7270	7309
4.92078	7309	7348
4.92708	7348	7387
4.93337	7387	7425
4.93966	7425	7463
4.97507	7463	7501
4.98136	7501	7539
4.98765	7539	7577
4.99395	7577	7614
5.00024	7614	7651
5.00653	7651	7688
5.04194	7688	7725
5.04823	7725	7762
5.05452	7762	7799
5.06082	7799	7835
5.06711	7835	7871
5.0734	7871	7907
5.0797	7907	7943
5.11195	7943	7979
5.11825	7979	8015
5.12454	8015	8050
5.13083	8050	8085
5.13713	8085	8120
5.14342	8120	8155
5.14971	8155	8190
5.18197	8190	8225
5.18826	8225	8259
5.19455	8259	8293
5.21037	8293	1848
5.21352	1848	1312
5.21667	1312	1072
5.21745	1072	1016
5.27724	1016	1072
5.27724	1072	1340
