0.0 0
0.0612373 0.061
0.128251 0.06175
0.134544 0.0631562
0.140837 0.0651367
0.147131 0.0677446
0.153424 0.0707765
0.19512 0.0786795
0.201413 0.0779695
0.207707 0.0773484
0.214 0.0769298
0.220293 0.0773136
0.226587 0.0775244
0.23288 0.0777088
0.261989 0.0814952
0.268283 0.0804333
0.274576 0.0795042
0.280869 0.0794411
0.287163 0.079511
0.293456 0.0794471
0.299749 0.0801412
0.306043 0.0808736
0.312336 0.0815144
0.318629 0.0828251
0.324923 0.0839719
0.332005 0.0823505
0.338299 0.0816816
0.344592 0.0809714
0.350885 0.08035
0.357179 0.0806813
0.363472 0.0809711
0.369765 0.0810997
0.376059 0.0820872
0.382352 0.0829513
0.388645 0.0837074
0.545979 0.087744
0.552272 0.090151
0.558565 0.0913821
0.564859 0.0917094
0.571152 0.0908707
0.577445 0.0893868
0.587845 0.0869635
0.594139 0.0848431
0.600432 0.0829877
0.606725 0.0813642
0.615995 0.0799437
0.622288 0.0787007
0.628581 0.0776131
0.634875 0.0766615
0.641168 0.0758288
0.647461 0.0751002
0.657861 0.0744627
0.664155 0.0739048
0.670448 0.0734167
0.676741 0.0729896
0.683035 0.0734909
0.689328 0.0735546
0.695621 0.0734852
0.701915 0.0734246
0.708208 0.0734965
0.714501 0.0734345
0.724731 0.0738801
0.731024 0.0738951
0.832592 0.0741582
0.848325 0.0743885
0.867995 0.0745899
0.874373 0.0740162
0.899461 0.0758891
0.915195 0.076778
0.934864 0.0779307
0.941243 0.0774394
0.947536 0.0768845
0.969477 0.0760239
0.985211 0.0752709
1.00488 0.0746121
1.01126 0.0740356
1.01755 0.0735311
1.03949 0.0730897
1.05523 0.0727035
1.0749 0.0723656
1.08127 0.0720699
1.08757 0.0718111
1.10951 0.0715847
1.1221 0.0730117
1.14177 0.0746352
1.14814 0.0745558
1.15444 0.0743613
1.17638 0.0761912
1.18897 0.0765423
1.20863 0.0777245
1.21501 0.0772589
1.22131 0.0767266
1.24325 0.0782607
1.25583 0.0783531
1.2755 0.079434
1.2818 0.0786297
1.28809 0.077926
1.29438 0.0773103
1.31326 0.0763965
1.34246 0.0777219
1.47628 0.0820067
1.48258 0.0805059
1.54315 0.0860676
1.54945 0.0844342
1.61002 0.0898799
1.61631 0.0877699
1.67689 0.0926737
1.68318 0.0902145
1.68948 0.0880627
1.74691 0.0858048
1.7532 0.0838292
1.75949 0.0821006
1.81692 0.080588
1.82322 0.0792645
1.82951 0.0788564
1.88379 0.0844994
1.89009 0.083187
1.89638 0.0819136
1.95066 0.0867994
1.95695 0.0850745
1.96325 0.0835652
2.01753 0.0882445
2.02382 0.0863389
2.03012 0.0847966
2.03641 0.083322
2.08755 0.0816568
2.09384 0.0801997
2.10013 0.0789247
2.10643 0.0778091
2.29462 0.076833
2.36149 0.0836039
2.36778 0.0822784
2.4315 0.0807436
2.4378 0.0794006
2.50152 0.0782255
2.50781 0.0771974
2.57154 0.0762977
2.57783 0.0762605
2.63841 0.0831029
2.6447 0.08184
2.70527 0.08761
2.71157 0.0857838
2.71786 0.0841858
2.77529 0.0824126
2.78158 0.080861
2.78788 0.0795034
2.84531 0.0783155
2.8516 0.077276
2.85789 0.0763665
2.91532 0.0755707
2.92162 0.0756244
2.92791 0.0756713
2.98219 0.0818374
2.98849 0.0807327
2.99478 0.0797661
3.04906 0.0850454
3.05535 0.0835397
3.06165 0.0822222
3.06794 0.0810695
3.11908 0.0796858
3.12537 0.0784751
3.13166 0.0774157
3.13796 0.0764887
3.18909 0.0756776
3.33244 0.0749679
3.39931 0.0819719
3.40561 0.0808504
3.46933 0.0794941
3.47562 0.0783074
3.53934 0.0772689
3.54564 0.0763603
3.60936 0.0755653
3.61565 0.0756196
3.67623 0.0825422
3.68252 0.0813494
3.7431 0.0871807
3.74939 0.0854081
3.75569 0.0838571
3.81311 0.082125
3.81941 0.0806094
3.8257 0.0792832
3.88313 0.0781228
3.88942 0.0771074
3.89572 0.076219
3.95315 0.0754416
3.95944 0.0755114
3.96573 0.0755725
4.02002 0.0817509
4.02631 0.0806571
4.0326 0.0796999
4.08689 0.0848624
4.09318 0.0833796
4.09947 0.0820822
4.10577 0.0809469
4.1569 0.0795785
4.16319 0.0783812
4.16949 0.0773336
4.17578 0.0764169
4.22692 0.0756148
4.23321 0.0749129
4.2395 0.0742988
4.2458 0.0737615
4.29379 0.0792913
4.30008 0.0786299
4.30637 0.0779261
4.31267 0.0773104
4.36066 0.0820216
4.36695 0.0808939
4.37324 0.0799071
4.37954 0.0790437
4.42753 0.0835383
4.43382 0.082221
4.44011 0.0811934
4.44641 0.0801692
4.4527 0.079273
4.49754 0.0781139
4.50383 0.0770997
4.51013 0.0762122
4.51642 0.0754357
4.52271 0.0747562
4.56756 0.0741617
4.57385 0.0736415
4.58014 0.0731863
4.58644 0.073538
4.59273 0.0738458
4.63443 0.078615
4.64072 0.0779132
4.64701 0.077424
4.65331 0.076871
4.6596 0.0763871
4.7013 0.0804637
4.70759 0.0795308
4.71388 0.0787144
4.72018 0.0780001
4.72647 0.0773751
4.73276 0.0768282
4.77131 0.0759747
4.77761 0.0752279
4.7839 0.0745744
4.79019 0.0740026
4.79649 0.0735023
4.80278 0.0730645
4.84133 0.0726814
4.84762 0.0723462
4.85391 0.072053
4.86021 0.0717963
4.8665 0.0715718
4.87279 0.0713753
4.9082 0.0757034
4.91449 0.0753655
4.92078 0.0750698
4.92708 0.0749361
4.93337 0.0746941
4.93966 0.0744823
4.97507 0.078047
4.98136 0.0774161
4.98765 0.0768641
4.99395 0.0763811
5.00024 0.0759585
5.00653 0.0755887
5.04194 0.0788901
5.04823 0.0781538
5.05452 0.0775096
5.06082 0.0769459
5.06711 0.0765777
5.0734 0.0761304
5.0797 0.0757391
5.11195 0.0750217
5.11825 0.074394
5.12454 0.0738448
5.13083 0.0733642
5.13713 0.0729437
5.14342 0.0725757
5.14971 0.0722537
5.18197 0.071972
5.18826 0.0717255
5.19455 0.0715098
5.20408 0.0725711
